mupdf-lib/build/intermediates/manifest_merge_blame_file/debug/manifest-merger-blame-debug-report.txt
1<?xml version="1.0" encoding="utf-8"?>
2<manifest xmlns:android="http://schemas.android.com/apk/res/android"
3    package="com.artifex.mupdf.viewer" >
4
5    <uses-sdk
6        android:minSdkVersion="16"
6-->src\main\AndroidManifest.xml
7        android:targetSdkVersion="28" />
7-->src\main\AndroidManifest.xml
8
9    <application>
9-->src\main\AndroidManifest.xml:5:2-97:16
10        <activity
10-->src\main\AndroidManifest.xml:6:3-91:14
11            android:name="com.artifex.mupdf.viewer.DocumentActivity"
11-->src\main\AndroidManifest.xml:7:4-36
12            android:configChanges="orientation|screenSize|keyboardHidden" >
12-->src\main\AndroidManifest.xml:8:4-65
13            <intent-filter>
13-->src\main\AndroidManifest.xml:10:4-25:20
14
15                <!-- match content and file requests with known mime-type -->
16                <action android:name="android.intent.action.VIEW" />
16-->src\main\AndroidManifest.xml:12:5-57
16-->src\main\AndroidManifest.xml:12:13-54
17
18                <category android:name="android.intent.category.BROWSABLE" />
18-->src\main\AndroidManifest.xml:13:5-66
18-->src\main\AndroidManifest.xml:13:15-63
19                <category android:name="android.intent.category.DEFAULT" />
19-->src\main\AndroidManifest.xml:14:5-64
19-->src\main\AndroidManifest.xml:14:15-61
20
21                <data android:scheme="content" />
21-->src\main\AndroidManifest.xml:15:5-38
21-->src\main\AndroidManifest.xml:15:11-35
22                <data android:scheme="file" />
22-->src\main\AndroidManifest.xml:15:5-38
22-->src\main\AndroidManifest.xml:15:11-35
23                <data android:mimeType="application/pdf" />
23-->src\main\AndroidManifest.xml:15:5-38
23-->src\main\AndroidManifest.xml:17:11-45
24                <data android:mimeType="application/vnd.ms-xpsdocument" />
24-->src\main\AndroidManifest.xml:15:5-38
24-->src\main\AndroidManifest.xml:17:11-45
25                <data android:mimeType="application/oxps" />
25-->src\main\AndroidManifest.xml:15:5-38
25-->src\main\AndroidManifest.xml:17:11-45
26                <data android:mimeType="application/x-cbz" />
26-->src\main\AndroidManifest.xml:15:5-38
26-->src\main\AndroidManifest.xml:17:11-45
27                <data android:mimeType="application/vnd.comicbook+zip" />
27-->src\main\AndroidManifest.xml:15:5-38
27-->src\main\AndroidManifest.xml:17:11-45
28                <data android:mimeType="application/epub+zip" />
28-->src\main\AndroidManifest.xml:15:5-38
28-->src\main\AndroidManifest.xml:17:11-45
29                <data android:mimeType="application/x-fictionbook" />
29-->src\main\AndroidManifest.xml:15:5-38
29-->src\main\AndroidManifest.xml:17:11-45
30                <data android:mimeType="text/xml" />
30-->src\main\AndroidManifest.xml:15:5-38
30-->src\main\AndroidManifest.xml:17:11-45
31            </intent-filter>
32            <intent-filter>
32-->src\main\AndroidManifest.xml:26:4-57:20
33
34                <!-- match file requests with path and no mime-type -->
35                <action android:name="android.intent.action.VIEW" />
35-->src\main\AndroidManifest.xml:12:5-57
35-->src\main\AndroidManifest.xml:12:13-54
36
37                <category android:name="android.intent.category.BROWSABLE" />
37-->src\main\AndroidManifest.xml:13:5-66
37-->src\main\AndroidManifest.xml:13:15-63
38                <category android:name="android.intent.category.DEFAULT" />
38-->src\main\AndroidManifest.xml:14:5-64
38-->src\main\AndroidManifest.xml:14:15-61
39
40                <data android:scheme="file" />
40-->src\main\AndroidManifest.xml:15:5-38
40-->src\main\AndroidManifest.xml:15:11-35
41                <data android:host="*" />
41-->src\main\AndroidManifest.xml:15:5-38
41-->src\main\AndroidManifest.xml:32:11-27
42                <data android:pathPattern=".*\\.pdf" />
42-->src\main\AndroidManifest.xml:15:5-38
42-->src\main\AndroidManifest.xml:33:11-41
43                <data android:pathPattern=".*\\.xps" />
43-->src\main\AndroidManifest.xml:15:5-38
43-->src\main\AndroidManifest.xml:33:11-41
44                <data android:pathPattern=".*\\.oxps" />
44-->src\main\AndroidManifest.xml:15:5-38
44-->src\main\AndroidManifest.xml:33:11-41
45                <data android:pathPattern=".*\\.cbz" />
45-->src\main\AndroidManifest.xml:15:5-38
45-->src\main\AndroidManifest.xml:33:11-41
46                <data android:pathPattern=".*\\.epub" />
46-->src\main\AndroidManifest.xml:15:5-38
46-->src\main\AndroidManifest.xml:33:11-41
47                <data android:pathPattern=".*\\.fb2" />
47-->src\main\AndroidManifest.xml:15:5-38
47-->src\main\AndroidManifest.xml:33:11-41
48                <data android:pathPattern=".*\\..*\\.pdf" />
48-->src\main\AndroidManifest.xml:15:5-38
48-->src\main\AndroidManifest.xml:33:11-41
49                <data android:pathPattern=".*\\..*\\.xps" />
49-->src\main\AndroidManifest.xml:15:5-38
49-->src\main\AndroidManifest.xml:33:11-41
50                <data android:pathPattern=".*\\..*\\.oxps" />
50-->src\main\AndroidManifest.xml:15:5-38
50-->src\main\AndroidManifest.xml:33:11-41
51                <data android:pathPattern=".*\\..*\\.cbz" />
51-->src\main\AndroidManifest.xml:15:5-38
51-->src\main\AndroidManifest.xml:33:11-41
52                <data android:pathPattern=".*\\..*\\.epub" />
52-->src\main\AndroidManifest.xml:15:5-38
52-->src\main\AndroidManifest.xml:33:11-41
53                <data android:pathPattern=".*\\..*\\.fb2" />
53-->src\main\AndroidManifest.xml:15:5-38
53-->src\main\AndroidManifest.xml:33:11-41
54                <data android:pathPattern=".*\\..*\\..*\\.pdf" />
54-->src\main\AndroidManifest.xml:15:5-38
54-->src\main\AndroidManifest.xml:33:11-41
55                <data android:pathPattern=".*\\..*\\..*\\.xps" />
55-->src\main\AndroidManifest.xml:15:5-38
55-->src\main\AndroidManifest.xml:33:11-41
56                <data android:pathPattern=".*\\..*\\..*\\.oxps" />
56-->src\main\AndroidManifest.xml:15:5-38
56-->src\main\AndroidManifest.xml:33:11-41
57                <data android:pathPattern=".*\\..*\\..*\\.cbz" />
57-->src\main\AndroidManifest.xml:15:5-38
57-->src\main\AndroidManifest.xml:33:11-41
58                <data android:pathPattern=".*\\..*\\..*\\.epub" />
58-->src\main\AndroidManifest.xml:15:5-38
58-->src\main\AndroidManifest.xml:33:11-41
59                <data android:pathPattern=".*\\..*\\..*\\.fb2" />
59-->src\main\AndroidManifest.xml:15:5-38
59-->src\main\AndroidManifest.xml:33:11-41
60                <data android:pathPattern=".*\\..*\\..*\\..*\\.pdf" />
60-->src\main\AndroidManifest.xml:15:5-38
60-->src\main\AndroidManifest.xml:33:11-41
61                <data android:pathPattern=".*\\..*\\..*\\..*\\.xps" />
61-->src\main\AndroidManifest.xml:15:5-38
61-->src\main\AndroidManifest.xml:33:11-41
62                <data android:pathPattern=".*\\..*\\..*\\..*\\.oxps" />
62-->src\main\AndroidManifest.xml:15:5-38
62-->src\main\AndroidManifest.xml:33:11-41
63                <data android:pathPattern=".*\\..*\\..*\\..*\\.cbz" />
63-->src\main\AndroidManifest.xml:15:5-38
63-->src\main\AndroidManifest.xml:33:11-41
64                <data android:pathPattern=".*\\..*\\..*\\..*\\.epub" />
64-->src\main\AndroidManifest.xml:15:5-38
64-->src\main\AndroidManifest.xml:33:11-41
65                <data android:pathPattern=".*\\..*\\..*\\..*\\.fb2" />
65-->src\main\AndroidManifest.xml:15:5-38
65-->src\main\AndroidManifest.xml:33:11-41
66            </intent-filter>
67            <intent-filter>
67-->src\main\AndroidManifest.xml:58:4-90:20
68
69                <!-- match file scheme requests with path and any mime-type -->
70                <action android:name="android.intent.action.VIEW" />
70-->src\main\AndroidManifest.xml:12:5-57
70-->src\main\AndroidManifest.xml:12:13-54
71
72                <category android:name="android.intent.category.BROWSABLE" />
72-->src\main\AndroidManifest.xml:13:5-66
72-->src\main\AndroidManifest.xml:13:15-63
73                <category android:name="android.intent.category.DEFAULT" />
73-->src\main\AndroidManifest.xml:14:5-64
73-->src\main\AndroidManifest.xml:14:15-61
74
75                <data android:scheme="file" />
75-->src\main\AndroidManifest.xml:15:5-38
75-->src\main\AndroidManifest.xml:15:11-35
76                <data android:host="*" />
76-->src\main\AndroidManifest.xml:15:5-38
76-->src\main\AndroidManifest.xml:32:11-27
77                <data android:pathPattern=".*\\.pdf" />
77-->src\main\AndroidManifest.xml:15:5-38
77-->src\main\AndroidManifest.xml:33:11-41
78                <data android:pathPattern=".*\\.xps" />
78-->src\main\AndroidManifest.xml:15:5-38
78-->src\main\AndroidManifest.xml:33:11-41
79                <data android:pathPattern=".*\\.oxps" />
79-->src\main\AndroidManifest.xml:15:5-38
79-->src\main\AndroidManifest.xml:33:11-41
80                <data android:pathPattern=".*\\.cbz" />
80-->src\main\AndroidManifest.xml:15:5-38
80-->src\main\AndroidManifest.xml:33:11-41
81                <data android:pathPattern=".*\\.epub" />
81-->src\main\AndroidManifest.xml:15:5-38
81-->src\main\AndroidManifest.xml:33:11-41
82                <data android:pathPattern=".*\\.fb2" />
82-->src\main\AndroidManifest.xml:15:5-38
82-->src\main\AndroidManifest.xml:33:11-41
83                <data android:pathPattern=".*\\..*\\.pdf" />
83-->src\main\AndroidManifest.xml:15:5-38
83-->src\main\AndroidManifest.xml:33:11-41
84                <data android:pathPattern=".*\\..*\\.xps" />
84-->src\main\AndroidManifest.xml:15:5-38
84-->src\main\AndroidManifest.xml:33:11-41
85                <data android:pathPattern=".*\\..*\\.oxps" />
85-->src\main\AndroidManifest.xml:15:5-38
85-->src\main\AndroidManifest.xml:33:11-41
86                <data android:pathPattern=".*\\..*\\.cbz" />
86-->src\main\AndroidManifest.xml:15:5-38
86-->src\main\AndroidManifest.xml:33:11-41
87                <data android:pathPattern=".*\\..*\\.epub" />
87-->src\main\AndroidManifest.xml:15:5-38
87-->src\main\AndroidManifest.xml:33:11-41
88                <data android:pathPattern=".*\\..*\\.fb2" />
88-->src\main\AndroidManifest.xml:15:5-38
88-->src\main\AndroidManifest.xml:33:11-41
89                <data android:pathPattern=".*\\..*\\..*\\.pdf" />
89-->src\main\AndroidManifest.xml:15:5-38
89-->src\main\AndroidManifest.xml:33:11-41
90                <data android:pathPattern=".*\\..*\\..*\\.xps" />
90-->src\main\AndroidManifest.xml:15:5-38
90-->src\main\AndroidManifest.xml:33:11-41
91                <data android:pathPattern=".*\\..*\\..*\\.oxps" />
91-->src\main\AndroidManifest.xml:15:5-38
91-->src\main\AndroidManifest.xml:33:11-41
92                <data android:pathPattern=".*\\..*\\..*\\.cbz" />
92-->src\main\AndroidManifest.xml:15:5-38
92-->src\main\AndroidManifest.xml:33:11-41
93                <data android:pathPattern=".*\\..*\\..*\\.epub" />
93-->src\main\AndroidManifest.xml:15:5-38
93-->src\main\AndroidManifest.xml:33:11-41
94                <data android:pathPattern=".*\\..*\\..*\\.fb2" />
94-->src\main\AndroidManifest.xml:15:5-38
94-->src\main\AndroidManifest.xml:33:11-41
95                <data android:pathPattern=".*\\..*\\..*\\..*\\.pdf" />
95-->src\main\AndroidManifest.xml:15:5-38
95-->src\main\AndroidManifest.xml:33:11-41
96                <data android:pathPattern=".*\\..*\\..*\\..*\\.xps" />
96-->src\main\AndroidManifest.xml:15:5-38
96-->src\main\AndroidManifest.xml:33:11-41
97                <data android:pathPattern=".*\\..*\\..*\\..*\\.oxps" />
97-->src\main\AndroidManifest.xml:15:5-38
97-->src\main\AndroidManifest.xml:33:11-41
98                <data android:pathPattern=".*\\..*\\..*\\..*\\.cbz" />
98-->src\main\AndroidManifest.xml:15:5-38
98-->src\main\AndroidManifest.xml:33:11-41
99                <data android:pathPattern=".*\\..*\\..*\\..*\\.epub" />
99-->src\main\AndroidManifest.xml:15:5-38
99-->src\main\AndroidManifest.xml:33:11-41
100                <data android:pathPattern=".*\\..*\\..*\\..*\\.fb2" />
100-->src\main\AndroidManifest.xml:15:5-38
100-->src\main\AndroidManifest.xml:33:11-41
101                <data android:mimeType="*/*" />
101-->src\main\AndroidManifest.xml:15:5-38
101-->src\main\AndroidManifest.xml:17:11-45
102            </intent-filter>
103        </activity>
104        <activity
104-->src\main\AndroidManifest.xml:92:3-96:14
105            android:name="com.artifex.mupdf.viewer.OutlineActivity"
105-->src\main\AndroidManifest.xml:93:4-35
106            android:configChanges="orientation|screenSize|keyboardHidden" >
106-->src\main\AndroidManifest.xml:94:4-65
107        </activity>
108    </application>
109
110</manifest>